A total number of  1092  files will be downloaded
Downloading file  https://noaa-gefs-pds.s3.amazonaws.com/gefs.20181120/00/pgrb2b/gec00.t00z.pgrb2bf00
A total number of  1092  files will be downloaded
Downloading file  https://noaa-gefs-pds.s3.amazonaws.com/gefs.20181120/00/pgrb2b/gec00.t00z.pgrb2bf00
Downloading file  https://noaa-gefs-pds.s3.amazonaws.com/gefs.20181120/00/pgrb2b/gec00.t00z.pgrb2bf06
Downloading file  https://noaa-gefs-pds.s3.amazonaws.com/gefs.20181120/00/pgrb2b/gec00.t00z.pgrb2bf12
Downloading file  https://noaa-gefs-pds.s3.amazonaws.com/gefs.20181120/00/pgrb2b/gec00.t00z.pgrb2bf18
Downloading file  https://noaa-gefs-pds.s3.amazonaws.com/gefs.20181120/00/pgrb2b/gec00.t00z.pgrb2bf24
Downloading file  https://noaa-gefs-pds.s3.amazonaws.com/gefs.20181120/00/pgrb2b/gec00.t00z.pgrb2bf30
Downloading file  https://noaa-gefs-pds.s3.amazonaws.com/gefs.20181120/00/pgrb2b/gec00.t00z.pgrb2bf36
Downloading file  https://noaa-gefs-pds.s3.amazonaws.com/gefs.20181120/00/pgrb2b/gec00.t00z.pgrb2bf42
Downloading file  https://noaa-gefs-pds.s3.amazonaws.com/gefs.20181120/00/pgrb2b/gec00.t00z.pgrb2bf48
Downloading file  https://noaa-gefs-pds.s3.amazonaws.com/gefs.20181120/00/pgrb2b/gec00.t00z.pgrb2bf54
Downloading file  https://noaa-gefs-pds.s3.amazonaws.com/gefs.20181120/00/pgrb2b/gec00.t00z.pgrb2bf60
Downloading file  https://noaa-gefs-pds.s3.amazonaws.com/gefs.20181120/00/pgrb2b/gec00.t00z.pgrb2bf66
Downloading file  https://noaa-gefs-pds.s3.amazonaws.com/gefs.20181120/00/pgrb2b/gec00.t00z.pgrb2bf72
Downloading file  https://noaa-gefs-pds.s3.amazonaws.com/gefs.20181120/00/pgrb2b/gep01.t00z.pgrb2bf00
Downloading file  https://noaa-gefs-pds.s3.amazonaws.com/gefs.20181120/00/pgrb2b/gep01.t00z.pgrb2bf06
Downloading file  https://noaa-gefs-pds.s3.amazonaws.com/gefs.20181120/00/pgrb2b/gep01.t00z.pgrb2bf12
Downloading file  https://noaa-gefs-pds.s3.amazonaws.com/gefs.20181120/00/pgrb2b/gep01.t00z.pgrb2bf18
Downloading file  https://noaa-gefs-pds.s3.amazonaws.com/gefs.20181120/00/pgrb2b/gep01.t00z.pgrb2bf24
Downloading file  https://noaa-gefs-pds.s3.amazonaws.com/gefs.20181120/00/pgrb2b/gep01.t00z.pgrb2bf30
Downloading file  https://noaa-gefs-pds.s3.amazonaws.com/gefs.20181120/00/pgrb2b/gep01.t00z.pgrb2bf36
Downloading file  https://noaa-gefs-pds.s3.amazonaws.com/gefs.20181120/00/pgrb2b/gep01.t00z.pgrb2bf42
Downloading file  https://noaa-gefs-pds.s3.amazonaws.com/gefs.20181120/00/pgrb2b/gep01.t00z.pgrb2bf48
Downloading file  https://noaa-gefs-pds.s3.amazonaws.com/gefs.20181120/00/pgrb2b/gep01.t00z.pgrb2bf54
Downloading file  https://noaa-gefs-pds.s3.amazonaws.com/gefs.20181120/00/pgrb2b/gep01.t00z.pgrb2bf60
Downloading file  https://noaa-gefs-pds.s3.amazonaws.com/gefs.20181120/00/pgrb2b/gep01.t00z.pgrb2bf66
Downloading file  https://noaa-gefs-pds.s3.amazonaws.com/gefs.20181120/00/pgrb2b/gep01.t00z.pgrb2bf72
Downloading file  https://noaa-gefs-pds.s3.amazonaws.com/gefs.20181120/00/pgrb2b/gep02.t00z.pgrb2bf00
Downloading file  https://noaa-gefs-pds.s3.amazonaws.com/gefs.20181120/00/pgrb2b/gep02.t00z.pgrb2bf06
Downloading file  https://noaa-gefs-pds.s3.amazonaws.com/gefs.20181120/00/pgrb2b/gep02.t00z.pgrb2bf12
Downloading file  https://noaa-gefs-pds.s3.amazonaws.com/gefs.20181120/00/pgrb2b/gep02.t00z.pgrb2bf18
Downloading file  https://noaa-gefs-pds.s3.amazonaws.com/gefs.20181120/00/pgrb2b/gep02.t00z.pgrb2bf24
Downloading file  https://noaa-gefs-pds.s3.amazonaws.com/gefs.20181120/00/pgrb2b/gep02.t00z.pgrb2bf30
Downloading file  https://noaa-gefs-pds.s3.amazonaws.com/gefs.20181120/00/pgrb2b/gep02.t00z.pgrb2bf36
Downloading file  https://noaa-gefs-pds.s3.amazonaws.com/gefs.20181120/00/pgrb2b/gep02.t00z.pgrb2bf42
Downloading file  https://noaa-gefs-pds.s3.amazonaws.com/gefs.20181120/00/pgrb2b/gep02.t00z.pgrb2bf48
Downloading file  https://noaa-gefs-pds.s3.amazonaws.com/gefs.20181120/00/pgrb2b/gep02.t00z.pgrb2bf54
Downloading file  https://noaa-gefs-pds.s3.amazonaws.com/gefs.20181120/00/pgrb2b/gep02.t00z.pgrb2bf60
Downloading file  https://noaa-gefs-pds.s3.amazonaws.com/gefs.20181120/00/pgrb2b/gep02.t00z.pgrb2bf66
Downloading file  https://noaa-gefs-pds.s3.amazonaws.com/gefs.20181120/00/pgrb2b/gep02.t00z.pgrb2bf72
Downloading file  https://noaa-gefs-pds.s3.amazonaws.com/gefs.20181120/00/pgrb2b/gep03.t00z.pgrb2bf00
Downloading file  https://noaa-gefs-pds.s3.amazonaws.com/gefs.20181120/00/pgrb2b/gep03.t00z.pgrb2bf06
Downloading file  https://noaa-gefs-pds.s3.amazonaws.com/gefs.20181120/00/pgrb2b/gep03.t00z.pgrb2bf12
Downloading file  https://noaa-gefs-pds.s3.amazonaws.com/gefs.20181120/00/pgrb2b/gep03.t00z.pgrb2bf18
Downloading file  https://noaa-gefs-pds.s3.amazonaws.com/gefs.20181120/00/pgrb2b/gep03.t00z.pgrb2bf24
Downloading file  https://noaa-gefs-pds.s3.amazonaws.com/gefs.20181120/00/pgrb2b/gep03.t00z.pgrb2bf30
Downloading file  https://noaa-gefs-pds.s3.amazonaws.com/gefs.20181120/00/pgrb2b/gep03.t00z.pgrb2bf36
Downloading file  https://noaa-gefs-pds.s3.amazonaws.com/gefs.20181120/00/pgrb2b/gep03.t00z.pgrb2bf42
Downloading file  https://noaa-gefs-pds.s3.amazonaws.com/gefs.20181120/00/pgrb2b/gep03.t00z.pgrb2bf48
Downloading file  https://noaa-gefs-pds.s3.amazonaws.com/gefs.20181120/00/pgrb2b/gep03.t00z.pgrb2bf54
Downloading file  https://noaa-gefs-pds.s3.amazonaws.com/gefs.20181120/00/pgrb2b/gep03.t00z.pgrb2bf60
Downloading file  https://noaa-gefs-pds.s3.amazonaws.com/gefs.20181120/00/pgrb2b/gep03.t00z.pgrb2bf66
Downloading file  https://noaa-gefs-pds.s3.amazonaws.com/gefs.20181120/00/pgrb2b/gep03.t00z.pgrb2bf72
Downloading file  https://noaa-gefs-pds.s3.amazonaws.com/gefs.20181120/00/pgrb2b/gep04.t00z.pgrb2bf00
Downloading file  https://noaa-gefs-pds.s3.amazonaws.com/gefs.20181120/00/pgrb2b/gep04.t00z.pgrb2bf06
Downloading file  https://noaa-gefs-pds.s3.amazonaws.com/gefs.20181120/00/pgrb2b/gep04.t00z.pgrb2bf12
Downloading file  https://noaa-gefs-pds.s3.amazonaws.com/gefs.20181120/00/pgrb2b/gep04.t00z.pgrb2bf18
Downloading file  https://noaa-gefs-pds.s3.amazonaws.com/gefs.20181120/00/pgrb2b/gep04.t00z.pgrb2bf24
Downloading file  https://noaa-gefs-pds.s3.amazonaws.com/gefs.20181120/00/pgrb2b/gep04.t00z.pgrb2bf30
Downloading file  https://noaa-gefs-pds.s3.amazonaws.com/gefs.20181120/00/pgrb2b/gep04.t00z.pgrb2bf36
Downloading file  https://noaa-gefs-pds.s3.amazonaws.com/gefs.20181120/00/pgrb2b/gep04.t00z.pgrb2bf42
Downloading file  https://noaa-gefs-pds.s3.amazonaws.com/gefs.20181120/00/pgrb2b/gep04.t00z.pgrb2bf48
Downloading file  https://noaa-gefs-pds.s3.amazonaws.com/gefs.20181120/00/pgrb2b/gep04.t00z.pgrb2bf54
Downloading file  https://noaa-gefs-pds.s3.amazonaws.com/gefs.20181120/00/pgrb2b/gep04.t00z.pgrb2bf60
Downloading file  https://noaa-gefs-pds.s3.amazonaws.com/gefs.20181120/00/pgrb2b/gep04.t00z.pgrb2bf66
Downloading file  https://noaa-gefs-pds.s3.amazonaws.com/gefs.20181120/00/pgrb2b/gep04.t00z.pgrb2bf72
Downloading file  https://noaa-gefs-pds.s3.amazonaws.com/gefs.20181120/00/pgrb2b/gep05.t00z.pgrb2bf00
Downloading file  https://noaa-gefs-pds.s3.amazonaws.com/gefs.20181120/00/pgrb2b/gep05.t00z.pgrb2bf06
Downloading file  https://noaa-gefs-pds.s3.amazonaws.com/gefs.20181120/00/pgrb2b/gep05.t00z.pgrb2bf12
Downloading file  https://noaa-gefs-pds.s3.amazonaws.com/gefs.20181120/00/pgrb2b/gep05.t00z.pgrb2bf18
Downloading file  https://noaa-gefs-pds.s3.amazonaws.com/gefs.20181120/00/pgrb2b/gep05.t00z.pgrb2bf24
Downloading file  https://noaa-gefs-pds.s3.amazonaws.com/gefs.20181120/00/pgrb2b/gep05.t00z.pgrb2bf30
Downloading file  https://noaa-gefs-pds.s3.amazonaws.com/gefs.20181120/00/pgrb2b/gep05.t00z.pgrb2bf36
Downloading file  https://noaa-gefs-pds.s3.amazonaws.com/gefs.20181120/00/pgrb2b/gep05.t00z.pgrb2bf42
Downloading file  https://noaa-gefs-pds.s3.amazonaws.com/gefs.20181120/00/pgrb2b/gep05.t00z.pgrb2bf48
Downloading file  https://noaa-gefs-pds.s3.amazonaws.com/gefs.20181120/00/pgrb2b/gep05.t00z.pgrb2bf54
Downloading file  https://noaa-gefs-pds.s3.amazonaws.com/gefs.20181120/00/pgrb2b/gep05.t00z.pgrb2bf60
Downloading file  https://noaa-gefs-pds.s3.amazonaws.com/gefs.20181120/00/pgrb2b/gep05.t00z.pgrb2bf66
Downloading file  https://noaa-gefs-pds.s3.amazonaws.com/gefs.20181120/00/pgrb2b/gep05.t00z.pgrb2bf72
Downloading file  https://noaa-gefs-pds.s3.amazonaws.com/gefs.20181120/00/pgrb2b/gep06.t00z.pgrb2bf00
Downloading file  https://noaa-gefs-pds.s3.amazonaws.com/gefs.20181120/00/pgrb2b/gep06.t00z.pgrb2bf06
Downloading file  https://noaa-gefs-pds.s3.amazonaws.com/gefs.20181120/00/pgrb2b/gep06.t00z.pgrb2bf12
Downloading file  https://noaa-gefs-pds.s3.amazonaws.com/gefs.20181120/00/pgrb2b/gep06.t00z.pgrb2bf18
Downloading file  https://noaa-gefs-pds.s3.amazonaws.com/gefs.20181120/00/pgrb2b/gep06.t00z.pgrb2bf24
Downloading file  https://noaa-gefs-pds.s3.amazonaws.com/gefs.20181120/00/pgrb2b/gep06.t00z.pgrb2bf30
Downloading file  https://noaa-gefs-pds.s3.amazonaws.com/gefs.20181120/00/pgrb2b/gep06.t00z.pgrb2bf36
Downloading file  https://noaa-gefs-pds.s3.amazonaws.com/gefs.20181120/00/pgrb2b/gep06.t00z.pgrb2bf42
Downloading file  https://noaa-gefs-pds.s3.amazonaws.com/gefs.20181120/00/pgrb2b/gep06.t00z.pgrb2bf48
Downloading file  https://noaa-gefs-pds.s3.amazonaws.com/gefs.20181120/00/pgrb2b/gep06.t00z.pgrb2bf54
Downloading file  https://noaa-gefs-pds.s3.amazonaws.com/gefs.20181120/00/pgrb2b/gep06.t00z.pgrb2bf60
Downloading file  https://noaa-gefs-pds.s3.amazonaws.com/gefs.20181120/00/pgrb2b/gep06.t00z.pgrb2bf66
Downloading file  https://noaa-gefs-pds.s3.amazonaws.com/gefs.20181120/00/pgrb2b/gep06.t00z.pgrb2bf72
Downloading file  https://noaa-gefs-pds.s3.amazonaws.com/gefs.20181120/00/pgrb2b/gep07.t00z.pgrb2bf00
Downloading file  https://noaa-gefs-pds.s3.amazonaws.com/gefs.20181120/00/pgrb2b/gep07.t00z.pgrb2bf06
Downloading file  https://noaa-gefs-pds.s3.amazonaws.com/gefs.20181120/00/pgrb2b/gep07.t00z.pgrb2bf12
Downloading file  https://noaa-gefs-pds.s3.amazonaws.com/gefs.20181120/00/pgrb2b/gep07.t00z.pgrb2bf18
Downloading file  https://noaa-gefs-pds.s3.amazonaws.com/gefs.20181120/00/pgrb2b/gep07.t00z.pgrb2bf24
Downloading file  https://noaa-gefs-pds.s3.amazonaws.com/gefs.20181120/00/pgrb2b/gep07.t00z.pgrb2bf30
Downloading file  https://noaa-gefs-pds.s3.amazonaws.com/gefs.20181120/00/pgrb2b/gep07.t00z.pgrb2bf36
Downloading file  https://noaa-gefs-pds.s3.amazonaws.com/gefs.20181120/00/pgrb2b/gep07.t00z.pgrb2bf42
Downloading file  https://noaa-gefs-pds.s3.amazonaws.com/gefs.20181120/00/pgrb2b/gep07.t00z.pgrb2bf48
Downloading file  https://noaa-gefs-pds.s3.amazonaws.com/gefs.20181120/00/pgrb2b/gep07.t00z.pgrb2bf54
Downloading file  https://noaa-gefs-pds.s3.amazonaws.com/gefs.20181120/00/pgrb2b/gep07.t00z.pgrb2bf60
Downloading file  https://noaa-gefs-pds.s3.amazonaws.com/gefs.20181120/00/pgrb2b/gep07.t00z.pgrb2bf66
Downloading file  https://noaa-gefs-pds.s3.amazonaws.com/gefs.20181120/00/pgrb2b/gep07.t00z.pgrb2bf72
Downloading file  https://noaa-gefs-pds.s3.amazonaws.com/gefs.20181120/00/pgrb2b/gep08.t00z.pgrb2bf00
Downloading file  https://noaa-gefs-pds.s3.amazonaws.com/gefs.20181120/00/pgrb2b/gep08.t00z.pgrb2bf06
Downloading file  https://noaa-gefs-pds.s3.amazonaws.com/gefs.20181120/00/pgrb2b/gep08.t00z.pgrb2bf12
Downloading file  https://noaa-gefs-pds.s3.amazonaws.com/gefs.20181120/00/pgrb2b/gep08.t00z.pgrb2bf18
Downloading file  https://noaa-gefs-pds.s3.amazonaws.com/gefs.20181120/00/pgrb2b/gep08.t00z.pgrb2bf24
Downloading file  https://noaa-gefs-pds.s3.amazonaws.com/gefs.20181120/00/pgrb2b/gep08.t00z.pgrb2bf30
Downloading file  https://noaa-gefs-pds.s3.amazonaws.com/gefs.20181120/00/pgrb2b/gep08.t00z.pgrb2bf36
Downloading file  https://noaa-gefs-pds.s3.amazonaws.com/gefs.20181120/00/pgrb2b/gep08.t00z.pgrb2bf42
Downloading file  https://noaa-gefs-pds.s3.amazonaws.com/gefs.20181120/00/pgrb2b/gep08.t00z.pgrb2bf48
Downloading file  https://noaa-gefs-pds.s3.amazonaws.com/gefs.20181120/00/pgrb2b/gep08.t00z.pgrb2bf54
Downloading file  https://noaa-gefs-pds.s3.amazonaws.com/gefs.20181120/00/pgrb2b/gep08.t00z.pgrb2bf60
Downloading file  https://noaa-gefs-pds.s3.amazonaws.com/gefs.20181120/00/pgrb2b/gep08.t00z.pgrb2bf66
Downloading file  https://noaa-gefs-pds.s3.amazonaws.com/gefs.20181120/00/pgrb2b/gep08.t00z.pgrb2bf72
Downloading file  https://noaa-gefs-pds.s3.amazonaws.com/gefs.20181120/00/pgrb2b/gep09.t00z.pgrb2bf00
Downloading file  https://noaa-gefs-pds.s3.amazonaws.com/gefs.20181120/00/pgrb2b/gep09.t00z.pgrb2bf06
Downloading file  https://noaa-gefs-pds.s3.amazonaws.com/gefs.20181120/00/pgrb2b/gep09.t00z.pgrb2bf12
Downloading file  https://noaa-gefs-pds.s3.amazonaws.com/gefs.20181120/00/pgrb2b/gep09.t00z.pgrb2bf18
Downloading file  https://noaa-gefs-pds.s3.amazonaws.com/gefs.20181120/00/pgrb2b/gep09.t00z.pgrb2bf24
Downloading file  https://noaa-gefs-pds.s3.amazonaws.com/gefs.20181120/00/pgrb2b/gep09.t00z.pgrb2bf30
Downloading file  https://noaa-gefs-pds.s3.amazonaws.com/gefs.20181120/00/pgrb2b/gep09.t00z.pgrb2bf36
Downloading file  https://noaa-gefs-pds.s3.amazonaws.com/gefs.20181120/00/pgrb2b/gep09.t00z.pgrb2bf42
Downloading file  https://noaa-gefs-pds.s3.amazonaws.com/gefs.20181120/00/pgrb2b/gep09.t00z.pgrb2bf48
Downloading file  https://noaa-gefs-pds.s3.amazonaws.com/gefs.20181120/00/pgrb2b/gep09.t00z.pgrb2bf54
Downloading file  https://noaa-gefs-pds.s3.amazonaws.com/gefs.20181120/00/pgrb2b/gep09.t00z.pgrb2bf60
Downloading file  https://noaa-gefs-pds.s3.amazonaws.com/gefs.20181120/00/pgrb2b/gep09.t00z.pgrb2bf66
Downloading file  https://noaa-gefs-pds.s3.amazonaws.com/gefs.20181120/00/pgrb2b/gep09.t00z.pgrb2bf72
Downloading file  https://noaa-gefs-pds.s3.amazonaws.com/gefs.20181120/00/pgrb2b/gep10.t00z.pgrb2bf00
Downloading file  https://noaa-gefs-pds.s3.amazonaws.com/gefs.20181120/00/pgrb2b/gep10.t00z.pgrb2bf06
Downloading file  https://noaa-gefs-pds.s3.amazonaws.com/gefs.20181120/00/pgrb2b/gep10.t00z.pgrb2bf12
Downloading file  https://noaa-gefs-pds.s3.amazonaws.com/gefs.20181120/00/pgrb2b/gep10.t00z.pgrb2bf18
Downloading file  https://noaa-gefs-pds.s3.amazonaws.com/gefs.20181120/00/pgrb2b/gep10.t00z.pgrb2bf24
Downloading file  https://noaa-gefs-pds.s3.amazonaws.com/gefs.20181120/00/pgrb2b/gep10.t00z.pgrb2bf30
Downloading file  https://noaa-gefs-pds.s3.amazonaws.com/gefs.20181120/00/pgrb2b/gep10.t00z.pgrb2bf36
Downloading file  https://noaa-gefs-pds.s3.amazonaws.com/gefs.20181120/00/pgrb2b/gep10.t00z.pgrb2bf42
Downloading file  https://noaa-gefs-pds.s3.amazonaws.com/gefs.20181120/00/pgrb2b/gep10.t00z.pgrb2bf48
Downloading file  https://noaa-gefs-pds.s3.amazonaws.com/gefs.20181120/00/pgrb2b/gep10.t00z.pgrb2bf54
Downloading file  https://noaa-gefs-pds.s3.amazonaws.com/gefs.20181120/00/pgrb2b/gep10.t00z.pgrb2bf60
Downloading file  https://noaa-gefs-pds.s3.amazonaws.com/gefs.20181120/00/pgrb2b/gep10.t00z.pgrb2bf66
Downloading file  https://noaa-gefs-pds.s3.amazonaws.com/gefs.20181120/00/pgrb2b/gep10.t00z.pgrb2bf72
Downloading file  https://noaa-gefs-pds.s3.amazonaws.com/gefs.20181120/00/pgrb2b/gep11.t00z.pgrb2bf00
Downloading file  https://noaa-gefs-pds.s3.amazonaws.com/gefs.20181120/00/pgrb2b/gep11.t00z.pgrb2bf06
Downloading file  https://noaa-gefs-pds.s3.amazonaws.com/gefs.20181120/00/pgrb2b/gep11.t00z.pgrb2bf12
Downloading file  https://noaa-gefs-pds.s3.amazonaws.com/gefs.20181120/00/pgrb2b/gep11.t00z.pgrb2bf18
Downloading file  https://noaa-gefs-pds.s3.amazonaws.com/gefs.20181120/00/pgrb2b/gep11.t00z.pgrb2bf24
Downloading file  https://noaa-gefs-pds.s3.amazonaws.com/gefs.20181120/00/pgrb2b/gep11.t00z.pgrb2bf30
Downloading file  https://noaa-gefs-pds.s3.amazonaws.com/gefs.20181120/00/pgrb2b/gep11.t00z.pgrb2bf36
Downloading file  https://noaa-gefs-pds.s3.amazonaws.com/gefs.20181120/00/pgrb2b/gep11.t00z.pgrb2bf42
Downloading file  https://noaa-gefs-pds.s3.amazonaws.com/gefs.20181120/00/pgrb2b/gep11.t00z.pgrb2bf48
Downloading file  https://noaa-gefs-pds.s3.amazonaws.com/gefs.20181120/00/pgrb2b/gep11.t00z.pgrb2bf54
Downloading file  https://noaa-gefs-pds.s3.amazonaws.com/gefs.20181120/00/pgrb2b/gep11.t00z.pgrb2bf60
Downloading file  https://noaa-gefs-pds.s3.amazonaws.com/gefs.20181120/00/pgrb2b/gep11.t00z.pgrb2bf66
Downloading file  https://noaa-gefs-pds.s3.amazonaws.com/gefs.20181120/00/pgrb2b/gep11.t00z.pgrb2bf72
Downloading file  https://noaa-gefs-pds.s3.amazonaws.com/gefs.20181120/00/pgrb2b/gep12.t00z.pgrb2bf00
Downloading file  https://noaa-gefs-pds.s3.amazonaws.com/gefs.20181120/00/pgrb2b/gep12.t00z.pgrb2bf06
Downloading file  https://noaa-gefs-pds.s3.amazonaws.com/gefs.20181120/00/pgrb2b/gep12.t00z.pgrb2bf12
Downloading file  https://noaa-gefs-pds.s3.amazonaws.com/gefs.20181120/00/pgrb2b/gep12.t00z.pgrb2bf18
Downloading file  https://noaa-gefs-pds.s3.amazonaws.com/gefs.20181120/00/pgrb2b/gep12.t00z.pgrb2bf24
Downloading file  https://noaa-gefs-pds.s3.amazonaws.com/gefs.20181120/00/pgrb2b/gep12.t00z.pgrb2bf30
Downloading file  https://noaa-gefs-pds.s3.amazonaws.com/gefs.20181120/00/pgrb2b/gep12.t00z.pgrb2bf36
Downloading file  https://noaa-gefs-pds.s3.amazonaws.com/gefs.20181120/00/pgrb2b/gep12.t00z.pgrb2bf42
Downloading file  https://noaa-gefs-pds.s3.amazonaws.com/gefs.20181120/00/pgrb2b/gep12.t00z.pgrb2bf48
Downloading file  https://noaa-gefs-pds.s3.amazonaws.com/gefs.20181120/00/pgrb2b/gep12.t00z.pgrb2bf54
Downloading file  https://noaa-gefs-pds.s3.amazonaws.com/gefs.20181120/00/pgrb2b/gep12.t00z.pgrb2bf60
Downloading file  https://noaa-gefs-pds.s3.amazonaws.com/gefs.20181120/00/pgrb2b/gep12.t00z.pgrb2bf66
Downloading file  https://noaa-gefs-pds.s3.amazonaws.com/gefs.20181120/00/pgrb2b/gep12.t00z.pgrb2bf72
Downloading file  https://noaa-gefs-pds.s3.amazonaws.com/gefs.20181120/00/pgrb2b/gep13.t00z.pgrb2bf00
Downloading file  https://noaa-gefs-pds.s3.amazonaws.com/gefs.20181120/00/pgrb2b/gep13.t00z.pgrb2bf06
Downloading file  https://noaa-gefs-pds.s3.amazonaws.com/gefs.20181120/00/pgrb2b/gep13.t00z.pgrb2bf12
Downloading file  https://noaa-gefs-pds.s3.amazonaws.com/gefs.20181120/00/pgrb2b/gep13.t00z.pgrb2bf18
Downloading file  https://noaa-gefs-pds.s3.amazonaws.com/gefs.20181120/00/pgrb2b/gep13.t00z.pgrb2bf24
Downloading file  https://noaa-gefs-pds.s3.amazonaws.com/gefs.20181120/00/pgrb2b/gep13.t00z.pgrb2bf30
Downloading file  https://noaa-gefs-pds.s3.amazonaws.com/gefs.20181120/00/pgrb2b/gep13.t00z.pgrb2bf36
Downloading file  https://noaa-gefs-pds.s3.amazonaws.com/gefs.20181120/00/pgrb2b/gep13.t00z.pgrb2bf42
Downloading file  https://noaa-gefs-pds.s3.amazonaws.com/gefs.20181120/00/pgrb2b/gep13.t00z.pgrb2bf48
Downloading file  https://noaa-gefs-pds.s3.amazonaws.com/gefs.20181120/00/pgrb2b/gep13.t00z.pgrb2bf54
Downloading file  https://noaa-gefs-pds.s3.amazonaws.com/gefs.20181120/00/pgrb2b/gep13.t00z.pgrb2bf60
Downloading file  https://noaa-gefs-pds.s3.amazonaws.com/gefs.20181120/00/pgrb2b/gep13.t00z.pgrb2bf66
Downloading file  https://noaa-gefs-pds.s3.amazonaws.com/gefs.20181120/00/pgrb2b/gep13.t00z.pgrb2bf72
Downloading file  https://noaa-gefs-pds.s3.amazonaws.com/gefs.20181120/00/pgrb2b/gep14.t00z.pgrb2bf00
Downloading file  https://noaa-gefs-pds.s3.amazonaws.com/gefs.20181120/00/pgrb2b/gep14.t00z.pgrb2bf06
Downloading file  https://noaa-gefs-pds.s3.amazonaws.com/gefs.20181120/00/pgrb2b/gep14.t00z.pgrb2bf12
Downloading file  https://noaa-gefs-pds.s3.amazonaws.com/gefs.20181120/00/pgrb2b/gep14.t00z.pgrb2bf18
Downloading file  https://noaa-gefs-pds.s3.amazonaws.com/gefs.20181120/00/pgrb2b/gep14.t00z.pgrb2bf24
Downloading file  https://noaa-gefs-pds.s3.amazonaws.com/gefs.20181120/00/pgrb2b/gep14.t00z.pgrb2bf30
Downloading file  https://noaa-gefs-pds.s3.amazonaws.com/gefs.20181120/00/pgrb2b/gep14.t00z.pgrb2bf36
Downloading file  https://noaa-gefs-pds.s3.amazonaws.com/gefs.20181120/00/pgrb2b/gep14.t00z.pgrb2bf42
Downloading file  https://noaa-gefs-pds.s3.amazonaws.com/gefs.20181120/00/pgrb2b/gep14.t00z.pgrb2bf48
Downloading file  https://noaa-gefs-pds.s3.amazonaws.com/gefs.20181120/00/pgrb2b/gep14.t00z.pgrb2bf54
Downloading file  https://noaa-gefs-pds.s3.amazonaws.com/gefs.20181120/00/pgrb2b/gep14.t00z.pgrb2bf60
Downloading file  https://noaa-gefs-pds.s3.amazonaws.com/gefs.20181120/00/pgrb2b/gep14.t00z.pgrb2bf66
Downloading file  https://noaa-gefs-pds.s3.amazonaws.com/gefs.20181120/00/pgrb2b/gep14.t00z.pgrb2bf72
Downloading file  https://noaa-gefs-pds.s3.amazonaws.com/gefs.20181120/00/pgrb2b/gep15.t00z.pgrb2bf00
Downloading file  https://noaa-gefs-pds.s3.amazonaws.com/gefs.20181120/00/pgrb2b/gep15.t00z.pgrb2bf06
Downloading file  https://noaa-gefs-pds.s3.amazonaws.com/gefs.20181120/00/pgrb2b/gep15.t00z.pgrb2bf12
Downloading file  https://noaa-gefs-pds.s3.amazonaws.com/gefs.20181120/00/pgrb2b/gep15.t00z.pgrb2bf18
Downloading file  https://noaa-gefs-pds.s3.amazonaws.com/gefs.20181120/00/pgrb2b/gep15.t00z.pgrb2bf24
Downloading file  https://noaa-gefs-pds.s3.amazonaws.com/gefs.20181120/00/pgrb2b/gep15.t00z.pgrb2bf30
Downloading file  https://noaa-gefs-pds.s3.amazonaws.com/gefs.20181120/00/pgrb2b/gep15.t00z.pgrb2bf36
Downloading file  https://noaa-gefs-pds.s3.amazonaws.com/gefs.20181120/00/pgrb2b/gep15.t00z.pgrb2bf42
Downloading file  https://noaa-gefs-pds.s3.amazonaws.com/gefs.20181120/00/pgrb2b/gep15.t00z.pgrb2bf48
Downloading file  https://noaa-gefs-pds.s3.amazonaws.com/gefs.20181120/00/pgrb2b/gep15.t00z.pgrb2bf54
Downloading file  https://noaa-gefs-pds.s3.amazonaws.com/gefs.20181120/00/pgrb2b/gep15.t00z.pgrb2bf60
Downloading file  https://noaa-gefs-pds.s3.amazonaws.com/gefs.20181120/00/pgrb2b/gep15.t00z.pgrb2bf66
Downloading file  https://noaa-gefs-pds.s3.amazonaws.com/gefs.20181120/00/pgrb2b/gep15.t00z.pgrb2bf72
Downloading file  https://noaa-gefs-pds.s3.amazonaws.com/gefs.20181120/00/pgrb2b/gep16.t00z.pgrb2bf00
Downloading file  https://noaa-gefs-pds.s3.amazonaws.com/gefs.20181120/00/pgrb2b/gep16.t00z.pgrb2bf06
Downloading file  https://noaa-gefs-pds.s3.amazonaws.com/gefs.20181120/00/pgrb2b/gep16.t00z.pgrb2bf12
Downloading file  https://noaa-gefs-pds.s3.amazonaws.com/gefs.20181120/00/pgrb2b/gep16.t00z.pgrb2bf18
Downloading file  https://noaa-gefs-pds.s3.amazonaws.com/gefs.20181120/00/pgrb2b/gep16.t00z.pgrb2bf24
Downloading file  https://noaa-gefs-pds.s3.amazonaws.com/gefs.20181120/00/pgrb2b/gep16.t00z.pgrb2bf30
Downloading file  https://noaa-gefs-pds.s3.amazonaws.com/gefs.20181120/00/pgrb2b/gep16.t00z.pgrb2bf36
Downloading file  https://noaa-gefs-pds.s3.amazonaws.com/gefs.20181120/00/pgrb2b/gep16.t00z.pgrb2bf42
Downloading file  https://noaa-gefs-pds.s3.amazonaws.com/gefs.20181120/00/pgrb2b/gep16.t00z.pgrb2bf48
Downloading file  https://noaa-gefs-pds.s3.amazonaws.com/gefs.20181120/00/pgrb2b/gep16.t00z.pgrb2bf54
Downloading file  https://noaa-gefs-pds.s3.amazonaws.com/gefs.20181120/00/pgrb2b/gep16.t00z.pgrb2bf60
Downloading file  https://noaa-gefs-pds.s3.amazonaws.com/gefs.20181120/00/pgrb2b/gep16.t00z.pgrb2bf66
Downloading file  https://noaa-gefs-pds.s3.amazonaws.com/gefs.20181120/00/pgrb2b/gep16.t00z.pgrb2bf72
Downloading file  https://noaa-gefs-pds.s3.amazonaws.com/gefs.20181120/00/pgrb2b/gep17.t00z.pgrb2bf00
Downloading file  https://noaa-gefs-pds.s3.amazonaws.com/gefs.20181120/00/pgrb2b/gep17.t00z.pgrb2bf06
Downloading file  https://noaa-gefs-pds.s3.amazonaws.com/gefs.20181120/00/pgrb2b/gep17.t00z.pgrb2bf12
Downloading file  https://noaa-gefs-pds.s3.amazonaws.com/gefs.20181120/00/pgrb2b/gep17.t00z.pgrb2bf18
Downloading file  https://noaa-gefs-pds.s3.amazonaws.com/gefs.20181120/00/pgrb2b/gep17.t00z.pgrb2bf24
Downloading file  https://noaa-gefs-pds.s3.amazonaws.com/gefs.20181120/00/pgrb2b/gep17.t00z.pgrb2bf30
Downloading file  https://noaa-gefs-pds.s3.amazonaws.com/gefs.20181120/00/pgrb2b/gep17.t00z.pgrb2bf36
Downloading file  https://noaa-gefs-pds.s3.amazonaws.com/gefs.20181120/00/pgrb2b/gep17.t00z.pgrb2bf42
Downloading file  https://noaa-gefs-pds.s3.amazonaws.com/gefs.20181120/00/pgrb2b/gep17.t00z.pgrb2bf48
Downloading file  https://noaa-gefs-pds.s3.amazonaws.com/gefs.20181120/00/pgrb2b/gep17.t00z.pgrb2bf54
Downloading file  https://noaa-gefs-pds.s3.amazonaws.com/gefs.20181120/00/pgrb2b/gep17.t00z.pgrb2bf60
Downloading file  https://noaa-gefs-pds.s3.amazonaws.com/gefs.20181120/00/pgrb2b/gep17.t00z.pgrb2bf66
Downloading file  https://noaa-gefs-pds.s3.amazonaws.com/gefs.20181120/00/pgrb2b/gep17.t00z.pgrb2bf72
Downloading file  https://noaa-gefs-pds.s3.amazonaws.com/gefs.20181120/00/pgrb2b/gep18.t00z.pgrb2bf00
Downloading file  https://noaa-gefs-pds.s3.amazonaws.com/gefs.20181120/00/pgrb2b/gep18.t00z.pgrb2bf06
Downloading file  https://noaa-gefs-pds.s3.amazonaws.com/gefs.20181120/00/pgrb2b/gep18.t00z.pgrb2bf12
Downloading file  https://noaa-gefs-pds.s3.amazonaws.com/gefs.20181120/00/pgrb2b/gep18.t00z.pgrb2bf18
Downloading file  https://noaa-gefs-pds.s3.amazonaws.com/gefs.20181120/00/pgrb2b/gep18.t00z.pgrb2bf24
Downloading file  https://noaa-gefs-pds.s3.amazonaws.com/gefs.20181120/00/pgrb2b/gep18.t00z.pgrb2bf30
Downloading file  https://noaa-gefs-pds.s3.amazonaws.com/gefs.20181120/00/pgrb2b/gep18.t00z.pgrb2bf36
Downloading file  https://noaa-gefs-pds.s3.amazonaws.com/gefs.20181120/00/pgrb2b/gep18.t00z.pgrb2bf42
Downloading file  https://noaa-gefs-pds.s3.amazonaws.com/gefs.20181120/00/pgrb2b/gep18.t00z.pgrb2bf48
Downloading file  https://noaa-gefs-pds.s3.amazonaws.com/gefs.20181120/00/pgrb2b/gep18.t00z.pgrb2bf54
Downloading file  https://noaa-gefs-pds.s3.amazonaws.com/gefs.20181120/00/pgrb2b/gep18.t00z.pgrb2bf60
Downloading file  https://noaa-gefs-pds.s3.amazonaws.com/gefs.20181120/00/pgrb2b/gep18.t00z.pgrb2bf66
Downloading file  https://noaa-gefs-pds.s3.amazonaws.com/gefs.20181120/00/pgrb2b/gep18.t00z.pgrb2bf72
Downloading file  https://noaa-gefs-pds.s3.amazonaws.com/gefs.20181120/00/pgrb2b/gep19.t00z.pgrb2bf00
Downloading file  https://noaa-gefs-pds.s3.amazonaws.com/gefs.20181120/00/pgrb2b/gep19.t00z.pgrb2bf06
Downloading file  https://noaa-gefs-pds.s3.amazonaws.com/gefs.20181120/00/pgrb2b/gep19.t00z.pgrb2bf12
Downloading file  https://noaa-gefs-pds.s3.amazonaws.com/gefs.20181120/00/pgrb2b/gep19.t00z.pgrb2bf18
Downloading file  https://noaa-gefs-pds.s3.amazonaws.com/gefs.20181120/00/pgrb2b/gep19.t00z.pgrb2bf24
Downloading file  https://noaa-gefs-pds.s3.amazonaws.com/gefs.20181120/00/pgrb2b/gep19.t00z.pgrb2bf30
Downloading file  https://noaa-gefs-pds.s3.amazonaws.com/gefs.20181120/00/pgrb2b/gep19.t00z.pgrb2bf36
Downloading file  https://noaa-gefs-pds.s3.amazonaws.com/gefs.20181120/00/pgrb2b/gep19.t00z.pgrb2bf42
Downloading file  https://noaa-gefs-pds.s3.amazonaws.com/gefs.20181120/00/pgrb2b/gep19.t00z.pgrb2bf48
Downloading file  https://noaa-gefs-pds.s3.amazonaws.com/gefs.20181120/00/pgrb2b/gep19.t00z.pgrb2bf54
Downloading file  https://noaa-gefs-pds.s3.amazonaws.com/gefs.20181120/00/pgrb2b/gep19.t00z.pgrb2bf60
Downloading file  https://noaa-gefs-pds.s3.amazonaws.com/gefs.20181120/00/pgrb2b/gep19.t00z.pgrb2bf66
Downloading file  https://noaa-gefs-pds.s3.amazonaws.com/gefs.20181120/00/pgrb2b/gep19.t00z.pgrb2bf72
Downloading file  https://noaa-gefs-pds.s3.amazonaws.com/gefs.20181120/00/pgrb2b/gep20.t00z.pgrb2bf00
Downloading file  https://noaa-gefs-pds.s3.amazonaws.com/gefs.20181120/00/pgrb2b/gep20.t00z.pgrb2bf06
Downloading file  https://noaa-gefs-pds.s3.amazonaws.com/gefs.20181120/00/pgrb2b/gep20.t00z.pgrb2bf12
Downloading file  https://noaa-gefs-pds.s3.amazonaws.com/gefs.20181120/00/pgrb2b/gep20.t00z.pgrb2bf18
Downloading file  https://noaa-gefs-pds.s3.amazonaws.com/gefs.20181120/00/pgrb2b/gep20.t00z.pgrb2bf24
Downloading file  https://noaa-gefs-pds.s3.amazonaws.com/gefs.20181120/00/pgrb2b/gep20.t00z.pgrb2bf30
Downloading file  https://noaa-gefs-pds.s3.amazonaws.com/gefs.20181120/00/pgrb2b/gep20.t00z.pgrb2bf36
Downloading file  https://noaa-gefs-pds.s3.amazonaws.com/gefs.20181120/00/pgrb2b/gep20.t00z.pgrb2bf42
Downloading file  https://noaa-gefs-pds.s3.amazonaws.com/gefs.20181120/00/pgrb2b/gep20.t00z.pgrb2bf48
Downloading file  https://noaa-gefs-pds.s3.amazonaws.com/gefs.20181120/00/pgrb2b/gep20.t00z.pgrb2bf54
Downloading file  https://noaa-gefs-pds.s3.amazonaws.com/gefs.20181120/00/pgrb2b/gep20.t00z.pgrb2bf60
Downloading file  https://noaa-gefs-pds.s3.amazonaws.com/gefs.20181120/00/pgrb2b/gep20.t00z.pgrb2bf66
Downloading file  https://noaa-gefs-pds.s3.amazonaws.com/gefs.20181120/00/pgrb2b/gep20.t00z.pgrb2bf72
Downloading file  https://noaa-gefs-pds.s3.amazonaws.com/gefs.20181120/06/pgrb2b/gec00.t06z.pgrb2bf00
Downloading file  https://noaa-gefs-pds.s3.amazonaws.com/gefs.20181120/06/pgrb2b/gec00.t06z.pgrb2bf06
Downloading file  https://noaa-gefs-pds.s3.amazonaws.com/gefs.20181120/06/pgrb2b/gec00.t06z.pgrb2bf12
Downloading file  https://noaa-gefs-pds.s3.amazonaws.com/gefs.20181120/06/pgrb2b/gec00.t06z.pgrb2bf18
Traceback (most recent call last):
  File "/opt/intel/oneapi/intelpython/latest/lib/python3.7/shutil.py", line 566, in move
    os.rename(src, real_dst)
FileNotFoundError: [Errno 2] No such file or directory: '/salidas3/jruiz/wrfutilV3.1/bin/python/gec00.t06z.pgrb2bf18b1_5p608.tmp' -> '/home/jruiz/salidas/GFSDATA//gefs.20181120/06/pgrb2b/00//gec00.t06z.pgrb2bf18'

During handling of the above exception, another exception occurred:

Traceback (most recent call last):
  File "./get_archived_gefs_data.py", line 52, in <module>
    filename = wget.download( my_file , out= file_dest_list[ifile] )
  File "/home/jruiz/.local/lib/python3.7/site-packages/wget.py", line 534, in download
    shutil.move(tmpfile, filename)
  File "/opt/intel/oneapi/intelpython/latest/lib/python3.7/shutil.py", line 580, in move
    copy_function(src, real_dst)
  File "/opt/intel/oneapi/intelpython/latest/lib/python3.7/shutil.py", line 266, in copy2
    copyfile(src, dst, follow_symlinks=follow_symlinks)
  File "/opt/intel/oneapi/intelpython/latest/lib/python3.7/shutil.py", line 120, in copyfile
    with open(src, 'rb') as fsrc:
FileNotFoundError: [Errno 2] No such file or directory: '/salidas3/jruiz/wrfutilV3.1/bin/python/gec00.t06z.pgrb2bf18b1_5p608.tmp'
